[ 2018-07-10T00:27:52+08:00 ] 127.0.0.1 /
NOTIC: [2] mkdir(): File exists E:\wamp\www\cangku\cangku\ThinkPHP\Library\Think\Build.class.php 第 110 行.
INFO: [ app_init ] --START--
INFO: Run Behavior\BuildLiteBehavior [ RunTime:0.000047s ]
INFO: [ app_init ] --END-- [ RunTime:0.000364s ]
INFO: [ app_begin ] --START--
INFO: Run Behavior\ReadHtmlCacheBehavior [ RunTime:0.001960s ]
INFO: [ app_begin ] --END-- [ RunTime:0.002187s ]

[ 2018-07-10T00:27:52+08:00 ] 127.0.0.1 /index.php/login
INFO: [ app_init ] --START--
INFO: Run Behavior\BuildLiteBehavior [ RunTime:0.000031s ]
INFO: [ app_init ] --END-- [ RunTime:0.000989s ]
INFO: [ app_begin ] --START--
INFO: Run Behavior\ReadHtmlCacheBehavior [ RunTime:0.001108s ]
INFO: [ app_begin ] --END-- [ RunTime:0.001340s ]
INFO: [ view_parse ] --START--
INFO: [ template_filter ] --START--
INFO: Run Behavior\ContentReplaceBehavior [ RunTime:0.000143s ]
INFO: [ template_filter ] --END-- [ RunTime:0.000343s ]
INFO: Run Behavior\ParseTemplateBehavior [ RunTime:0.018403s ]
INFO: [ view_parse ] --END-- [ RunTime:0.018600s ]
INFO: [ view_filter ] --START--
INFO: Run Behavior\WriteHtmlCacheBehavior [ RunTime:0.001824s ]
INFO: [ view_filter ] --END-- [ RunTime:0.002046s ]
INFO: [ app_end ] --START--
INFO: Run Behavior\ShowPageTraceBehavior [ RunTime:0.001744s ]
INFO: [ app_end ] --END-- [ RunTime:0.001877s ]

[ 2018-07-10T00:27:52+08:00 ] 127.0.0.1 /public/Home/img/login_head.jpg
INFO: [ app_init ] --START--
INFO: Run Behavior\BuildLiteBehavior [ RunTime:0.000077s ]
INFO: [ app_init ] --END-- [ RunTime:0.003307s ]

[ 2018-07-10T00:27:52+08:00 ] 127.0.0.1 /public/Home/img/login_bg.jpg
INFO: [ app_init ] --START--
INFO: Run Behavior\BuildLiteBehavior [ RunTime:0.000044s ]
INFO: [ app_init ] --END-- [ RunTime:0.001251s ]

[ 2018-07-10T00:27:52+08:00 ] 127.0.0.1 /favicon.ico
INFO: [ app_init ] --START--
INFO: Run Behavior\BuildLiteBehavior [ RunTime:0.000030s ]
INFO: [ app_init ] --END-- [ RunTime:0.000983s ]

[ 2018-07-10T00:28:11+08:00 ] 127.0.0.1 /index.php/login
INFO: [ app_init ] --START--
INFO: Run Behavior\BuildLiteBehavior [ RunTime:0.000044s ]
INFO: [ app_init ] --END-- [ RunTime:0.003072s ]
INFO: [ app_begin ] --START--
INFO: Run Behavior\ReadHtmlCacheBehavior [ RunTime:0.002584s ]
INFO: [ app_begin ] --END-- [ RunTime:0.002797s ]
INFO: [ view_parse ] --START--
INFO: [ template_filter ] --START--
INFO: Run Behavior\ContentReplaceBehavior [ RunTime:0.000226s ]
INFO: [ template_filter ] --END-- [ RunTime:0.000416s ]
INFO: Run Behavior\ParseTemplateBehavior [ RunTime:0.015495s ]
INFO: [ view_parse ] --END-- [ RunTime:0.015651s ]
INFO: [ view_filter ] --START--
INFO: Run Behavior\WriteHtmlCacheBehavior [ RunTime:0.001476s ]
INFO: [ view_filter ] --END-- [ RunTime:0.001679s ]
INFO: [ app_end ] --START--
INFO: Run Behavior\ShowPageTraceBehavior [ RunTime:0.001607s ]
INFO: [ app_end ] --END-- [ RunTime:0.001756s ]

[ 2018-07-10T00:28:11+08:00 ] 127.0.0.1 /public/Home/img/login_bg.jpg
INFO: [ app_init ] --START--
INFO: Run Behavior\BuildLiteBehavior [ RunTime:0.000226s ]
INFO: [ app_init ] --END-- [ RunTime:0.001878s ]

[ 2018-07-10T00:28:11+08:00 ] 127.0.0.1 /public/Home/img/login_head.jpg
INFO: [ app_init ] --START--
INFO: Run Behavior\BuildLiteBehavior [ RunTime:0.000040s ]
INFO: [ app_init ] --END-- [ RunTime:0.001280s ]

[ 2018-07-10T00:28:14+08:00 ] 127.0.0.1 /
INFO: [ app_init ] --START--
INFO: Run Behavior\BuildLiteBehavior [ RunTime:0.000044s ]
INFO: [ app_init ] --END-- [ RunTime:0.001151s ]
INFO: [ app_begin ] --START--
INFO: Run Behavior\ReadHtmlCacheBehavior [ RunTime:0.001254s ]
INFO: [ app_begin ] --END-- [ RunTime:0.001411s ]

[ 2018-07-10T00:28:14+08:00 ] 127.0.0.1 /index.php/login
INFO: [ app_init ] --START--
INFO: Run Behavior\BuildLiteBehavior [ RunTime:0.000045s ]
INFO: [ app_init ] --END-- [ RunTime:0.001280s ]
INFO: [ app_begin ] --START--
INFO: Run Behavior\ReadHtmlCacheBehavior [ RunTime:0.001293s ]
INFO: [ app_begin ] --END-- [ RunTime:0.001511s ]
INFO: [ view_parse ] --START--
INFO: [ template_filter ] --START--
INFO: Run Behavior\ContentReplaceBehavior [ RunTime:0.000198s ]
INFO: [ template_filter ] --END-- [ RunTime:0.000425s ]
INFO: Run Behavior\ParseTemplateBehavior [ RunTime:0.014470s ]
INFO: [ view_parse ] --END-- [ RunTime:0.014662s ]
INFO: [ view_filter ] --START--
INFO: Run Behavior\WriteHtmlCacheBehavior [ RunTime:0.001075s ]
INFO: [ view_filter ] --END-- [ RunTime:0.001201s ]
INFO: [ app_end ] --START--
INFO: Run Behavior\ShowPageTraceBehavior [ RunTime:0.001392s ]
INFO: [ app_end ] --END-- [ RunTime:0.001633s ]

[ 2018-07-10T00:28:14+08:00 ] 127.0.0.1 /public/Home/img/login_bg.jpg
INFO: [ app_init ] --START--
INFO: Run Behavior\BuildLiteBehavior [ RunTime:0.000048s ]
INFO: [ app_init ] --END-- [ RunTime:0.001210s ]

[ 2018-07-10T00:28:14+08:00 ] 127.0.0.1 /public/Home/img/login_head.jpg
INFO: [ app_init ] --START--
INFO: Run Behavior\BuildLiteBehavior [ RunTime:0.000071s ]
INFO: [ app_init ] --END-- [ RunTime:0.002762s ]

[ 2018-07-10T00:28:29+08:00 ] 127.0.0.1 /index.php/login
INFO: [ app_init ] --START--
INFO: Run Behavior\BuildLiteBehavior [ RunTime:0.000043s ]
INFO: [ app_init ] --END-- [ RunTime:0.001147s ]
INFO: [ app_begin ] --START--
INFO: Run Behavior\ReadHtmlCacheBehavior [ RunTime:0.001685s ]
INFO: [ app_begin ] --END-- [ RunTime:0.001937s ]
INFO: [ view_parse ] --START--
INFO: [ template_filter ] --START--
INFO: Run Behavior\ContentReplaceBehavior [ RunTime:0.000095s ]
INFO: [ template_filter ] --END-- [ RunTime:0.000232s ]
INFO: Run Behavior\ParseTemplateBehavior [ RunTime:0.010802s ]
INFO: [ view_parse ] --END-- [ RunTime:0.010951s ]
INFO: [ view_filter ] --START--
INFO: Run Behavior\WriteHtmlCacheBehavior [ RunTime:0.001288s ]
INFO: [ view_filter ] --END-- [ RunTime:0.001491s ]
INFO: [ app_end ] --START--
INFO: Run Behavior\ShowPageTraceBehavior [ RunTime:0.001641s ]
INFO: [ app_end ] --END-- [ RunTime:0.001832s ]

[ 2018-07-10T00:28:29+08:00 ] 127.0.0.1 /public/Home/img/login_head.jpg
INFO: [ app_init ] --START--
INFO: Run Behavior\BuildLiteBehavior [ RunTime:0.000046s ]
INFO: [ app_init ] --END-- [ RunTime:0.001099s ]

[ 2018-07-10T00:28:29+08:00 ] 127.0.0.1 /public/Home/img/login_bg.jpg
INFO: [ app_init ] --START--
INFO: Run Behavior\BuildLiteBehavior [ RunTime:0.000046s ]
INFO: [ app_init ] --END-- [ RunTime:0.001195s ]

[ 2018-07-10T00:28:33+08:00 ] 127.0.0.1 /
INFO: [ app_init ] --START--
INFO: Run Behavior\BuildLiteBehavior [ RunTime:0.000036s ]
INFO: [ app_init ] --END-- [ RunTime:0.001374s ]
INFO: [ app_begin ] --START--
INFO: Run Behavior\ReadHtmlCacheBehavior [ RunTime:0.001283s ]
INFO: [ app_begin ] --END-- [ RunTime:0.001498s ]
INFO: [ app_end ] --START--
INFO: Run Behavior\ShowPageTraceBehavior [ RunTime:0.001792s ]
INFO: [ app_end ] --END-- [ RunTime:0.002178s ]

[ 2018-07-10T00:28:48+08:00 ] 127.0.0.1 /index.php/home/center/index
INFO: [ app_init ] --START--
INFO: Run Behavior\BuildLiteBehavior [ RunTime:0.000044s ]
INFO: [ app_init ] --END-- [ RunTime:0.002056s ]
INFO: [ app_begin ] --START--
INFO: Run Behavior\ReadHtmlCacheBehavior [ RunTime:0.000991s ]
INFO: [ app_begin ] --END-- [ RunTime:0.001143s ]
SQL: SHOW COLUMNS FROM `user` [ RunTime:0.0063s ]
SQL: SELECT * FROM `user`  [ RunTime:0.0005s ]
INFO: [ view_parse ] --START--
INFO: [ template_filter ] --START--
INFO: Run Behavior\ContentReplaceBehavior [ RunTime:0.000103s ]
INFO: [ template_filter ] --END-- [ RunTime:0.000230s ]
NOTIC: [8] Undefined variable: cont_name E:\wamp\www\cangku\cangku\Runtime\Cache\Home\2d360899476391df7722df53bc49d31d.php 第 55 行.
NOTIC: [8] Undefined variable: cont_name E:\wamp\www\cangku\cangku\Runtime\Cache\Home\2d360899476391df7722df53bc49d31d.php 第 56 行.
NOTIC: [8] Undefined variable: cont_name E:\wamp\www\cangku\cangku\Runtime\Cache\Home\2d360899476391df7722df53bc49d31d.php 第 57 行.
NOTIC: [8] Undefined variable: cont_name E:\wamp\www\cangku\cangku\Runtime\Cache\Home\2d360899476391df7722df53bc49d31d.php 第 58 行.
NOTIC: [8] Undefined variable: cont_name E:\wamp\www\cangku\cangku\Runtime\Cache\Home\2d360899476391df7722df53bc49d31d.php 第 59 行.
NOTIC: [8] Undefined variable: cont_name E:\wamp\www\cangku\cangku\Runtime\Cache\Home\2d360899476391df7722df53bc49d31d.php 第 60 行.
NOTIC: [8] Undefined variable: cont_name E:\wamp\www\cangku\cangku\Runtime\Cache\Home\2d360899476391df7722df53bc49d31d.php 第 61 行.
NOTIC: [8] Undefined variable: cont_name E:\wamp\www\cangku\cangku\Runtime\Cache\Home\2d360899476391df7722df53bc49d31d.php 第 62 行.
NOTIC: [8] Undefined variable: cont_name E:\wamp\www\cangku\cangku\Runtime\Cache\Home\2d360899476391df7722df53bc49d31d.php 第 63 行.
INFO: Run Behavior\ParseTemplateBehavior [ RunTime:0.018319s ]
INFO: [ view_parse ] --END-- [ RunTime:0.018515s ]
INFO: [ view_filter ] --START--
INFO: Run Behavior\WriteHtmlCacheBehavior [ RunTime:0.000919s ]
INFO: [ view_filter ] --END-- [ RunTime:0.001041s ]
INFO: [ app_end ] --START--
INFO: Run Behavior\ShowPageTraceBehavior [ RunTime:0.001610s ]
INFO: [ app_end ] --END-- [ RunTime:0.001797s ]

[ 2018-07-10T00:31:24+08:00 ] 127.0.0.1 /index.php/home/center/index
INFO: [ app_init ] --START--
INFO: Run Behavior\BuildLiteBehavior [ RunTime:0.000031s ]
INFO: [ app_init ] --END-- [ RunTime:0.001449s ]
INFO: [ app_begin ] --START--
INFO: Run Behavior\ReadHtmlCacheBehavior [ RunTime:0.001768s ]
INFO: [ app_begin ] --END-- [ RunTime:0.001977s ]

[ 2018-07-10T00:31:24+08:00 ] 127.0.0.1 /index.php/login
INFO: [ app_init ] --START--
INFO: Run Behavior\BuildLiteBehavior [ RunTime:0.000047s ]
INFO: [ app_init ] --END-- [ RunTime:0.001217s ]
INFO: [ app_begin ] --START--
INFO: Run Behavior\ReadHtmlCacheBehavior [ RunTime:0.001404s ]
INFO: [ app_begin ] --END-- [ RunTime:0.001630s ]
INFO: [ view_parse ] --START--
INFO: [ template_filter ] --START--
INFO: Run Behavior\ContentReplaceBehavior [ RunTime:0.000143s ]
INFO: [ template_filter ] --END-- [ RunTime:0.000366s ]
INFO: Run Behavior\ParseTemplateBehavior [ RunTime:0.014065s ]
INFO: [ view_parse ] --END-- [ RunTime:0.014323s ]
INFO: [ view_filter ] --START--
INFO: Run Behavior\WriteHtmlCacheBehavior [ RunTime:0.001438s ]
INFO: [ view_filter ] --END-- [ RunTime:0.001821s ]
INFO: [ app_end ] --START--
INFO: Run Behavior\ShowPageTraceBehavior [ RunTime:0.001688s ]
INFO: [ app_end ] --END-- [ RunTime:0.001986s ]

[ 2018-07-10T00:31:24+08:00 ] 127.0.0.1 /public/Home/img/login_bg.jpg
INFO: [ app_init ] --START--
INFO: Run Behavior\BuildLiteBehavior [ RunTime:0.000050s ]
INFO: [ app_init ] --END-- [ RunTime:0.001295s ]

[ 2018-07-10T00:31:24+08:00 ] 127.0.0.1 /public/Home/img/login_head.jpg
INFO: [ app_init ] --START--
INFO: Run Behavior\BuildLiteBehavior [ RunTime:0.000048s ]
INFO: [ app_init ] --END-- [ RunTime:0.002475s ]

[ 2018-07-10T00:31:39+08:00 ] 127.0.0.1 /index.php/home/login
INFO: [ app_init ] --START--
INFO: Run Behavior\BuildLiteBehavior [ RunTime:0.000046s ]
INFO: [ app_init ] --END-- [ RunTime:0.001331s ]
INFO: [ app_begin ] --START--
INFO: Run Behavior\ReadHtmlCacheBehavior [ RunTime:0.002220s ]
INFO: [ app_begin ] --END-- [ RunTime:0.002450s ]
INFO: [ view_parse ] --START--
INFO: [ template_filter ] --START--
INFO: Run Behavior\ContentReplaceBehavior [ RunTime:0.000094s ]
INFO: [ template_filter ] --END-- [ RunTime:0.000222s ]
INFO: Run Behavior\ParseTemplateBehavior [ RunTime:0.012196s ]
INFO: [ view_parse ] --END-- [ RunTime:0.012420s ]
INFO: [ view_filter ] --START--
INFO: Run Behavior\WriteHtmlCacheBehavior [ RunTime:0.001970s ]
INFO: [ view_filter ] --END-- [ RunTime:0.002135s ]
INFO: [ app_end ] --START--
INFO: Run Behavior\ShowPageTraceBehavior [ RunTime:0.003334s ]
INFO: [ app_end ] --END-- [ RunTime:0.003514s ]

[ 2018-07-10T00:31:39+08:00 ] 127.0.0.1 /public/Home/img/login_bg.jpg
INFO: [ app_init ] --START--
INFO: Run Behavior\BuildLiteBehavior [ RunTime:0.000043s ]
INFO: [ app_init ] --END-- [ RunTime:0.001151s ]

[ 2018-07-10T00:31:39+08:00 ] 127.0.0.1 /public/Home/img/login_head.jpg
INFO: [ app_init ] --START--
INFO: Run Behavior\BuildLiteBehavior [ RunTime:0.000044s ]
INFO: [ app_init ] --END-- [ RunTime:0.001170s ]

[ 2018-07-10T00:34:54+08:00 ] 127.0.0.1 /index.php/home/login
INFO: [ app_init ] --START--
INFO: Run Behavior\BuildLiteBehavior [ RunTime:0.000047s ]
INFO: [ app_init ] --END-- [ RunTime:0.001674s ]
INFO: [ app_begin ] --START--
INFO: Run Behavior\ReadHtmlCacheBehavior [ RunTime:0.002075s ]
INFO: [ app_begin ] --END-- [ RunTime:0.002287s ]
INFO: [ view_parse ] --START--
INFO: [ template_filter ] --START--
INFO: Run Behavior\ContentReplaceBehavior [ RunTime:0.000165s ]
INFO: [ template_filter ] --END-- [ RunTime:0.000436s ]
INFO: Run Behavior\ParseTemplateBehavior [ RunTime:0.017750s ]
INFO: [ view_parse ] --END-- [ RunTime:0.017956s ]
INFO: [ view_filter ] --START--
INFO: Run Behavior\WriteHtmlCacheBehavior [ RunTime:0.001574s ]
INFO: [ view_filter ] --END-- [ RunTime:0.001733s ]
INFO: [ app_end ] --START--
INFO: Run Behavior\ShowPageTraceBehavior [ RunTime:0.001950s ]
INFO: [ app_end ] --END-- [ RunTime:0.002155s ]

[ 2018-07-10T00:34:54+08:00 ] 127.0.0.1 /public/Home/img/login_bg.jpg
INFO: [ app_init ] --START--
INFO: Run Behavior\BuildLiteBehavior [ RunTime:0.000046s ]
INFO: [ app_init ] --END-- [ RunTime:0.001392s ]

[ 2018-07-10T00:34:54+08:00 ] 127.0.0.1 /public/Home/img/login_head.jpg
INFO: [ app_init ] --START--
INFO: Run Behavior\BuildLiteBehavior [ RunTime:0.000033s ]
INFO: [ app_init ] --END-- [ RunTime:0.000982s ]

[ 2018-07-10T00:35:48+08:00 ] 127.0.0.1 /index.php/home/login
INFO: [ app_init ] --START--
INFO: Run Behavior\BuildLiteBehavior [ RunTime:0.000047s ]
INFO: [ app_init ] --END-- [ RunTime:0.001317s ]
INFO: [ app_begin ] --START--
INFO: Run Behavior\ReadHtmlCacheBehavior [ RunTime:0.001999s ]
INFO: [ app_begin ] --END-- [ RunTime:0.002239s ]
INFO: [ view_parse ] --START--
INFO: [ template_filter ] --START--
INFO: Run Behavior\ContentReplaceBehavior [ RunTime:0.000145s ]
INFO: [ template_filter ] --END-- [ RunTime:0.000347s ]
INFO: Run Behavior\ParseTemplateBehavior [ RunTime:0.013662s ]
INFO: [ view_parse ] --END-- [ RunTime:0.013852s ]
INFO: [ view_filter ] --START--
INFO: Run Behavior\WriteHtmlCacheBehavior [ RunTime:0.001640s ]
INFO: [ view_filter ] --END-- [ RunTime:0.001762s ]
INFO: [ app_end ] --START--
INFO: Run Behavior\ShowPageTraceBehavior [ RunTime:0.001494s ]
INFO: [ app_end ] --END-- [ RunTime:0.001615s ]

[ 2018-07-10T00:35:48+08:00 ] 127.0.0.1 /public/Home/img/login_head.jpg
INFO: [ app_init ] --START--
INFO: Run Behavior\BuildLiteBehavior [ RunTime:0.000118s ]
INFO: [ app_init ] --END-- [ RunTime:0.001351s ]

[ 2018-07-10T00:35:48+08:00 ] 127.0.0.1 /public/Home/img/login_bg.jpg
INFO: [ app_init ] --START--
INFO: Run Behavior\BuildLiteBehavior [ RunTime:0.000076s ]
INFO: [ app_init ] --END-- [ RunTime:0.001522s ]

[ 2018-07-10T00:36:54+08:00 ] 127.0.0.1 /index.php/home/login
INFO: [ app_init ] --START--
INFO: Run Behavior\BuildLiteBehavior [ RunTime:0.000053s ]
INFO: [ app_init ] --END-- [ RunTime:0.001279s ]
INFO: [ app_begin ] --START--
INFO: Run Behavior\ReadHtmlCacheBehavior [ RunTime:0.001072s ]
INFO: [ app_begin ] --END-- [ RunTime:0.001214s ]
INFO: [ view_parse ] --START--
INFO: [ template_filter ] --START--
INFO: Run Behavior\ContentReplaceBehavior [ RunTime:0.000096s ]
INFO: [ template_filter ] --END-- [ RunTime:0.000227s ]
INFO: Run Behavior\ParseTemplateBehavior [ RunTime:0.011779s ]
INFO: [ view_parse ] --END-- [ RunTime:0.011995s ]
INFO: [ view_filter ] --START--
INFO: Run Behavior\WriteHtmlCacheBehavior [ RunTime:0.000838s ]
INFO: [ view_filter ] --END-- [ RunTime:0.000982s ]
INFO: [ app_end ] --START--
INFO: Run Behavior\ShowPageTraceBehavior [ RunTime:0.001064s ]
INFO: [ app_end ] --END-- [ RunTime:0.001197s ]

[ 2018-07-10T00:36:54+08:00 ] 127.0.0.1 /public/Home/img/login_bg.jpg
INFO: [ app_init ] --START--
INFO: Run Behavior\BuildLiteBehavior [ RunTime:0.000089s ]
INFO: [ app_init ] --END-- [ RunTime:0.003272s ]

[ 2018-07-10T00:36:54+08:00 ] 127.0.0.1 /public/Home/img/login_head.jpg
INFO: [ app_init ] --START--
INFO: Run Behavior\BuildLiteBehavior [ RunTime:0.000039s ]
INFO: [ app_init ] --END-- [ RunTime:0.001100s ]

[ 2018-07-10T00:36:57+08:00 ] 127.0.0.1 /index.php/home/login
INFO: [ app_init ] --START--
INFO: Run Behavior\BuildLiteBehavior [ RunTime:0.000057s ]
INFO: [ app_init ] --END-- [ RunTime:0.001911s ]
INFO: [ app_begin ] --START--
INFO: Run Behavior\ReadHtmlCacheBehavior [ RunTime:0.002232s ]
INFO: [ app_begin ] --END-- [ RunTime:0.002468s ]
INFO: [ view_parse ] --START--
INFO: [ template_filter ] --START--
INFO: Run Behavior\ContentReplaceBehavior [ RunTime:0.000178s ]
INFO: [ template_filter ] --END-- [ RunTime:0.000465s ]
INFO: Run Behavior\ParseTemplateBehavior [ RunTime:0.022611s ]
INFO: [ view_parse ] --END-- [ RunTime:0.022994s ]
INFO: [ view_filter ] --START--
INFO: Run Behavior\WriteHtmlCacheBehavior [ RunTime:0.005245s ]
INFO: [ view_filter ] --END-- [ RunTime:0.005553s ]
INFO: [ app_end ] --START--
INFO: Run Behavior\ShowPageTraceBehavior [ RunTime:0.003420s ]
INFO: [ app_end ] --END-- [ RunTime:0.003715s ]

[ 2018-07-10T00:36:57+08:00 ] 127.0.0.1 /public/Home/img/login_bg.jpg
INFO: [ app_init ] --START--
INFO: Run Behavior\BuildLiteBehavior [ RunTime:0.000045s ]
INFO: [ app_init ] --END-- [ RunTime:0.001425s ]

[ 2018-07-10T00:36:57+08:00 ] 127.0.0.1 /public/Home/img/login_head.jpg
INFO: [ app_init ] --START--
INFO: Run Behavior\BuildLiteBehavior [ RunTime:0.000102s ]
INFO: [ app_init ] --END-- [ RunTime:0.002075s ]

[ 2018-07-10T00:38:53+08:00 ] 127.0.0.1 /index.php/home/login
INFO: [ app_init ] --START--
INFO: Run Behavior\BuildLiteBehavior [ RunTime:0.000048s ]
INFO: [ app_init ] --END-- [ RunTime:0.002984s ]
INFO: [ app_begin ] --START--
INFO: Run Behavior\ReadHtmlCacheBehavior [ RunTime:0.001539s ]
INFO: [ app_begin ] --END-- [ RunTime:0.001738s ]
INFO: [ view_parse ] --START--
INFO: [ template_filter ] --START--
INFO: Run Behavior\ContentReplaceBehavior [ RunTime:0.000099s ]
INFO: [ template_filter ] --END-- [ RunTime:0.000234s ]
INFO: Run Behavior\ParseTemplateBehavior [ RunTime:0.018087s ]
INFO: [ view_parse ] --END-- [ RunTime:0.018818s ]
INFO: [ view_filter ] --START--
INFO: Run Behavior\WriteHtmlCacheBehavior [ RunTime:0.001482s ]
INFO: [ view_filter ] --END-- [ RunTime:0.001625s ]
INFO: [ app_end ] --START--
INFO: Run Behavior\ShowPageTraceBehavior [ RunTime:0.001756s ]
INFO: [ app_end ] --END-- [ RunTime:0.001952s ]

[ 2018-07-10T00:38:53+08:00 ] 127.0.0.1 /public/Home/img/login_bg.jpg
INFO: [ app_init ] --START--
INFO: Run Behavior\BuildLiteBehavior [ RunTime:0.000045s ]
INFO: [ app_init ] --END-- [ RunTime:0.001080s ]

[ 2018-07-10T00:38:53+08:00 ] 127.0.0.1 /public/Home/img/login_head.jpg
INFO: [ app_init ] --START--
INFO: Run Behavior\BuildLiteBehavior [ RunTime:0.000043s ]
INFO: [ app_init ] --END-- [ RunTime:0.001614s ]

[ 2018-07-10T00:38:54+08:00 ] 127.0.0.1 /index.php/home/login
INFO: [ app_init ] --START--
INFO: Run Behavior\BuildLiteBehavior [ RunTime:0.000073s ]
INFO: [ app_init ] --END-- [ RunTime:0.001780s ]
INFO: [ app_begin ] --START--
INFO: Run Behavior\ReadHtmlCacheBehavior [ RunTime:0.001425s ]
INFO: [ app_begin ] --END-- [ RunTime:0.001612s ]
INFO: [ view_parse ] --START--
INFO: [ template_filter ] --START--
INFO: Run Behavior\ContentReplaceBehavior [ RunTime:0.000163s ]
INFO: [ template_filter ] --END-- [ RunTime:0.000408s ]
INFO: Run Behavior\ParseTemplateBehavior [ RunTime:0.014400s ]
INFO: [ view_parse ] --END-- [ RunTime:0.014633s ]
INFO: [ view_filter ] --START--
INFO: Run Behavior\WriteHtmlCacheBehavior [ RunTime:0.002376s ]
INFO: [ view_filter ] --END-- [ RunTime:0.002781s ]
INFO: [ app_end ] --START--
INFO: Run Behavior\ShowPageTraceBehavior [ RunTime:0.002863s ]
INFO: [ app_end ] --END-- [ RunTime:0.003223s ]

[ 2018-07-10T00:38:54+08:00 ] 127.0.0.1 /public/Home/img/login_bg.jpg
INFO: [ app_init ] --START--
INFO: Run Behavior\BuildLiteBehavior [ RunTime:0.000045s ]
INFO: [ app_init ] --END-- [ RunTime:0.005037s ]

[ 2018-07-10T00:38:54+08:00 ] 127.0.0.1 /public/Home/img/login_head.jpg
INFO: [ app_init ] --START--
INFO: Run Behavior\BuildLiteBehavior [ RunTime:0.000049s ]
INFO: [ app_init ] --END-- [ RunTime:0.001834s ]

[ 2018-07-10T00:44:37+08:00 ] 127.0.0.1 /index.php/home/login
INFO: [ app_init ] --START--
INFO: Run Behavior\BuildLiteBehavior [ RunTime:0.000033s ]
INFO: [ app_init ] --END-- [ RunTime:0.001100s ]
INFO: [ app_begin ] --START--
INFO: Run Behavior\ReadHtmlCacheBehavior [ RunTime:0.001670s ]
INFO: [ app_begin ] --END-- [ RunTime:0.001835s ]
INFO: [ view_parse ] --START--
INFO: [ template_filter ] --START--
INFO: Run Behavior\ContentReplaceBehavior [ RunTime:0.000197s ]
INFO: [ template_filter ] --END-- [ RunTime:0.000428s ]
INFO: Run Behavior\ParseTemplateBehavior [ RunTime:0.018778s ]
INFO: [ view_parse ] --END-- [ RunTime:0.019002s ]
INFO: [ view_filter ] --START--
INFO: Run Behavior\WriteHtmlCacheBehavior [ RunTime:0.002123s ]
INFO: [ view_filter ] --END-- [ RunTime:0.002335s ]
INFO: [ app_end ] --START--
INFO: Run Behavior\ShowPageTraceBehavior [ RunTime:0.002451s ]
INFO: [ app_end ] --END-- [ RunTime:0.002661s ]

[ 2018-07-10T00:44:37+08:00 ] 127.0.0.1 /public/Home/img/login_bg.jpg
INFO: [ app_init ] --START--
INFO: Run Behavior\BuildLiteBehavior [ RunTime:0.000086s ]
INFO: [ app_init ] --END-- [ RunTime:0.002007s ]

[ 2018-07-10T00:44:37+08:00 ] 127.0.0.1 /public/Home/img/login_head.jpg
INFO: [ app_init ] --START--
INFO: Run Behavior\BuildLiteBehavior [ RunTime:0.000047s ]
INFO: [ app_init ] --END-- [ RunTime:0.002261s ]

[ 2018-07-10T00:44:49+08:00 ] 127.0.0.1 /signin
INFO: [ app_init ] --START--
INFO: Run Behavior\BuildLiteBehavior [ RunTime:0.000048s ]
INFO: [ app_init ] --END-- [ RunTime:0.001708s ]
INFO: [ app_begin ] --START--
INFO: Run Behavior\ReadHtmlCacheBehavior [ RunTime:0.002212s ]
INFO: [ app_begin ] --END-- [ RunTime:0.002421s ]
INFO: [ app_end ] --START--
INFO: Run Behavior\ShowPageTraceBehavior [ RunTime:0.002102s ]
INFO: [ app_end ] --END-- [ RunTime:0.002312s ]

[ 2018-07-10T00:44:52+08:00 ] 127.0.0.1 /signin
INFO: [ app_init ] --START--
INFO: Run Behavior\BuildLiteBehavior [ RunTime:0.000035s ]
INFO: [ app_init ] --END-- [ RunTime:0.001046s ]
INFO: [ app_begin ] --START--
INFO: Run Behavior\ReadHtmlCacheBehavior [ RunTime:0.001185s ]
INFO: [ app_begin ] --END-- [ RunTime:0.001329s ]
INFO: [ app_end ] --START--
INFO: Run Behavior\ShowPageTraceBehavior [ RunTime:0.001383s ]
INFO: [ app_end ] --END-- [ RunTime:0.001565s ]

[ 2018-07-10T00:50:06+08:00 ] 127.0.0.1 /signin
INFO: [ app_init ] --START--
INFO: Run Behavior\BuildLiteBehavior [ RunTime:0.000051s ]
INFO: [ app_init ] --END-- [ RunTime:0.001509s ]
INFO: [ app_begin ] --START--
INFO: Run Behavior\ReadHtmlCacheBehavior [ RunTime:0.002115s ]
INFO: [ app_begin ] --END-- [ RunTime:0.002334s ]
SQL: SHOW COLUMNS FROM `user` [ RunTime:0.0024s ]
SQL: SELECT * FROM `user` WHERE `mobile` = '15060880529' LIMIT 1   [ RunTime:0.0005s ]

[ 2018-07-10T00:50:17+08:00 ] 127.0.0.1 /index.php/home/login
INFO: [ app_init ] --START--
INFO: Run Behavior\BuildLiteBehavior [ RunTime:0.000028s ]
INFO: [ app_init ] --END-- [ RunTime:0.001007s ]
INFO: [ app_begin ] --START--
INFO: Run Behavior\ReadHtmlCacheBehavior [ RunTime:0.001086s ]
INFO: [ app_begin ] --END-- [ RunTime:0.001227s ]
INFO: [ view_parse ] --START--
INFO: [ template_filter ] --START--
INFO: Run Behavior\ContentReplaceBehavior [ RunTime:0.000095s ]
INFO: [ template_filter ] --END-- [ RunTime:0.000326s ]
INFO: Run Behavior\ParseTemplateBehavior [ RunTime:0.012049s ]
INFO: [ view_parse ] --END-- [ RunTime:0.012224s ]
INFO: [ view_filter ] --START--
INFO: Run Behavior\WriteHtmlCacheBehavior [ RunTime:0.001519s ]
INFO: [ view_filter ] --END-- [ RunTime:0.001693s ]
INFO: [ app_end ] --START--
INFO: Run Behavior\ShowPageTraceBehavior [ RunTime:0.002008s ]
INFO: [ app_end ] --END-- [ RunTime:0.002222s ]

[ 2018-07-10T00:50:17+08:00 ] 127.0.0.1 /public/Home/img/login_bg.jpg
INFO: [ app_init ] --START--
INFO: Run Behavior\BuildLiteBehavior [ RunTime:0.000046s ]
INFO: [ app_init ] --END-- [ RunTime:0.002583s ]

[ 2018-07-10T00:50:17+08:00 ] 127.0.0.1 /public/Home/img/login_head.jpg
INFO: [ app_init ] --START--
INFO: Run Behavior\BuildLiteBehavior [ RunTime:0.000061s ]
INFO: [ app_init ] --END-- [ RunTime:0.002223s ]

[ 2018-07-10T00:50:23+08:00 ] 127.0.0.1 /signin
INFO: [ app_init ] --START--
INFO: Run Behavior\BuildLiteBehavior [ RunTime:0.000032s ]
INFO: [ app_init ] --END-- [ RunTime:0.001054s ]
INFO: [ app_begin ] --START--
INFO: Run Behavior\ReadHtmlCacheBehavior [ RunTime:0.002883s ]
INFO: [ app_begin ] --END-- [ RunTime:0.003094s ]
SQL: SHOW COLUMNS FROM `user` [ RunTime:0.0020s ]
SQL: SELECT * FROM `user` WHERE `mobile` = '150' LIMIT 1   [ RunTime:0.0006s ]

[ 2018-07-10T00:50:28+08:00 ] 127.0.0.1 /signin
INFO: [ app_init ] --START--
INFO: Run Behavior\BuildLiteBehavior [ RunTime:0.000047s ]
INFO: [ app_init ] --END-- [ RunTime:0.001664s ]
INFO: [ app_begin ] --START--
INFO: Run Behavior\ReadHtmlCacheBehavior [ RunTime:0.002199s ]
INFO: [ app_begin ] --END-- [ RunTime:0.002400s ]
SQL: SHOW COLUMNS FROM `user` [ RunTime:0.0022s ]
SQL: SELECT * FROM `user` WHERE `mobile` = '150' LIMIT 1   [ RunTime:0.0006s ]

[ 2018-07-10T00:51:24+08:00 ] 127.0.0.1 /signin
INFO: [ app_init ] --START--
INFO: Run Behavior\BuildLiteBehavior [ RunTime:0.000035s ]
INFO: [ app_init ] --END-- [ RunTime:0.001444s ]
INFO: [ app_begin ] --START--
INFO: Run Behavior\ReadHtmlCacheBehavior [ RunTime:0.001654s ]
INFO: [ app_begin ] --END-- [ RunTime:0.001850s ]
SQL: SHOW COLUMNS FROM `user` [ RunTime:0.0027s ]
SQL: SELECT * FROM `user` WHERE `mobile` = '150' LIMIT 1   [ RunTime:0.0007s ]
ERR: Think\Controller:returnAjax方法不存在！

[ 2018-07-10T00:52:29+08:00 ] 127.0.0.1 /index.php/home/login
INFO: [ app_init ] --START--
INFO: Run Behavior\BuildLiteBehavior [ RunTime:0.000032s ]
INFO: [ app_init ] --END-- [ RunTime:0.001320s ]
INFO: [ app_begin ] --START--
INFO: Run Behavior\ReadHtmlCacheBehavior [ RunTime:0.001534s ]
INFO: [ app_begin ] --END-- [ RunTime:0.001695s ]
INFO: [ view_parse ] --START--
INFO: [ template_filter ] --START--
INFO: Run Behavior\ContentReplaceBehavior [ RunTime:0.000385s ]
INFO: [ template_filter ] --END-- [ RunTime:0.000610s ]
INFO: Run Behavior\ParseTemplateBehavior [ RunTime:0.019543s ]
INFO: [ view_parse ] --END-- [ RunTime:0.019946s ]
INFO: [ view_filter ] --START--
INFO: Run Behavior\WriteHtmlCacheBehavior [ RunTime:0.002412s ]
INFO: [ view_filter ] --END-- [ RunTime:0.002668s ]
INFO: [ app_end ] --START--
INFO: Run Behavior\ShowPageTraceBehavior [ RunTime:0.002469s ]
INFO: [ app_end ] --END-- [ RunTime:0.002693s ]

[ 2018-07-10T00:52:29+08:00 ] 127.0.0.1 /public/Home/img/login_bg.jpg
INFO: [ app_init ] --START--
INFO: Run Behavior\BuildLiteBehavior [ RunTime:0.000046s ]
INFO: [ app_init ] --END-- [ RunTime:0.001094s ]

[ 2018-07-10T00:52:29+08:00 ] 127.0.0.1 /public/Home/img/login_head.jpg
INFO: [ app_init ] --START--
INFO: Run Behavior\BuildLiteBehavior [ RunTime:0.000070s ]
INFO: [ app_init ] --END-- [ RunTime:0.002389s ]

[ 2018-07-10T00:52:38+08:00 ] 127.0.0.1 /signin
INFO: [ app_init ] --START--
INFO: Run Behavior\BuildLiteBehavior [ RunTime:0.000047s ]
INFO: [ app_init ] --END-- [ RunTime:0.001372s ]
INFO: [ app_begin ] --START--
INFO: Run Behavior\ReadHtmlCacheBehavior [ RunTime:0.002216s ]
INFO: [ app_begin ] --END-- [ RunTime:0.002414s ]
SQL: SHOW COLUMNS FROM `user` [ RunTime:0.0022s ]
SQL: SELECT * FROM `user` WHERE `mobile` = '1508' LIMIT 1   [ RunTime:0.0006s ]

[ 2018-07-10T00:52:39+08:00 ] 127.0.0.1 /signin
INFO: [ app_init ] --START--
INFO: Run Behavior\BuildLiteBehavior [ RunTime:0.000032s ]
INFO: [ app_init ] --END-- [ RunTime:0.001055s ]
INFO: [ app_begin ] --START--
INFO: Run Behavior\ReadHtmlCacheBehavior [ RunTime:0.001504s ]
INFO: [ app_begin ] --END-- [ RunTime:0.001718s ]
SQL: SHOW COLUMNS FROM `user` [ RunTime:0.0017s ]
SQL: SELECT * FROM `user` WHERE `mobile` = '1508' LIMIT 1   [ RunTime:0.0005s ]

[ 2018-07-10T00:52:40+08:00 ] 127.0.0.1 /signin
INFO: [ app_init ] --START--
INFO: Run Behavior\BuildLiteBehavior [ RunTime:0.000064s ]
INFO: [ app_init ] --END-- [ RunTime:0.001844s ]
INFO: [ app_begin ] --START--
INFO: Run Behavior\ReadHtmlCacheBehavior [ RunTime:0.002511s ]
INFO: [ app_begin ] --END-- [ RunTime:0.002775s ]
SQL: SHOW COLUMNS FROM `user` [ RunTime:0.0029s ]
SQL: SELECT * FROM `user` WHERE `mobile` = '1508' LIMIT 1   [ RunTime:0.0007s ]

[ 2018-07-10T00:53:38+08:00 ] 127.0.0.1 /signin
INFO: [ app_init ] --START--
INFO: Run Behavior\BuildLiteBehavior [ RunTime:0.000040s ]
INFO: [ app_init ] --END-- [ RunTime:0.001597s ]
INFO: [ app_begin ] --START--
INFO: Run Behavior\ReadHtmlCacheBehavior [ RunTime:0.001246s ]
INFO: [ app_begin ] --END-- [ RunTime:0.001382s ]
SQL: SHOW COLUMNS FROM `user` [ RunTime:0.0091s ]
SQL: SELECT * FROM `user` WHERE `mobile` = '1508' LIMIT 1   [ RunTime:0.0008s ]

[ 2018-07-10T00:54:59+08:00 ] 127.0.0.1 /signin
INFO: [ app_init ] --START--
INFO: Run Behavior\BuildLiteBehavior [ RunTime:0.000031s ]
INFO: [ app_init ] --END-- [ RunTime:0.001184s ]
INFO: [ app_begin ] --START--
INFO: Run Behavior\ReadHtmlCacheBehavior [ RunTime:0.001505s ]
INFO: [ app_begin ] --END-- [ RunTime:0.001637s ]
SQL: SHOW COLUMNS FROM `user` [ RunTime:0.0017s ]
SQL: SELECT * FROM `user` WHERE `mobile` = '1508' LIMIT 1   [ RunTime:0.0005s ]

[ 2018-07-10T00:55:41+08:00 ] 127.0.0.1 /signin
INFO: [ app_init ] --START--
INFO: Run Behavior\BuildLiteBehavior [ RunTime:0.000033s ]
INFO: [ app_init ] --END-- [ RunTime:0.001058s ]
INFO: [ app_begin ] --START--
INFO: Run Behavior\ReadHtmlCacheBehavior [ RunTime:0.001178s ]
INFO: [ app_begin ] --END-- [ RunTime:0.001312s ]
SQL: SHOW COLUMNS FROM `user` [ RunTime:0.0022s ]
SQL: SELECT * FROM `user` WHERE `mobile` = '1508' LIMIT 1   [ RunTime:0.0007s ]

[ 2018-07-10T00:56:14+08:00 ] 127.0.0.1 /signin
INFO: [ app_init ] --START--
INFO: Run Behavior\BuildLiteBehavior [ RunTime:0.000035s ]
INFO: [ app_init ] --END-- [ RunTime:0.001066s ]
INFO: [ app_begin ] --START--
INFO: Run Behavior\ReadHtmlCacheBehavior [ RunTime:0.001404s ]
INFO: [ app_begin ] --END-- [ RunTime:0.001562s ]
SQL: SHOW COLUMNS FROM `user` [ RunTime:0.0106s ]
SQL: SELECT * FROM `user` WHERE `mobile` = '1508' LIMIT 1   [ RunTime:0.0008s ]

[ 2018-07-10T00:58:31+08:00 ] 127.0.0.1 /index.php/home/login
INFO: [ app_init ] --START--
INFO: Run Behavior\BuildLiteBehavior [ RunTime:0.000032s ]
INFO: [ app_init ] --END-- [ RunTime:0.001395s ]
INFO: [ app_begin ] --START--
INFO: Run Behavior\ReadHtmlCacheBehavior [ RunTime:0.001514s ]
INFO: [ app_begin ] --END-- [ RunTime:0.001703s ]
INFO: [ view_parse ] --START--
INFO: [ template_filter ] --START--
INFO: Run Behavior\ContentReplaceBehavior [ RunTime:0.000103s ]
INFO: [ template_filter ] --END-- [ RunTime:0.000249s ]
INFO: Run Behavior\ParseTemplateBehavior [ RunTime:0.022588s ]
INFO: [ view_parse ] --END-- [ RunTime:0.022777s ]
INFO: [ view_filter ] --START--
INFO: Run Behavior\WriteHtmlCacheBehavior [ RunTime:0.001140s ]
INFO: [ view_filter ] --END-- [ RunTime:0.001265s ]
INFO: [ app_end ] --START--
INFO: Run Behavior\ShowPageTraceBehavior [ RunTime:0.002705s ]
INFO: [ app_end ] --END-- [ RunTime:0.002884s ]

[ 2018-07-10T00:58:31+08:00 ] 127.0.0.1 /public/Home/img/login_bg.jpg
INFO: [ app_init ] --START--
INFO: Run Behavior\BuildLiteBehavior [ RunTime:0.000047s ]
INFO: [ app_init ] --END-- [ RunTime:0.001179s ]

[ 2018-07-10T00:58:31+08:00 ] 127.0.0.1 /public/Home/img/login_head.jpg
INFO: [ app_init ] --START--
INFO: Run Behavior\BuildLiteBehavior [ RunTime:0.000046s ]
INFO: [ app_init ] --END-- [ RunTime:0.003931s ]

[ 2018-07-10T00:58:36+08:00 ] 127.0.0.1 /signin
INFO: [ app_init ] --START--
INFO: Run Behavior\BuildLiteBehavior [ RunTime:0.000057s ]
INFO: [ app_init ] --END-- [ RunTime:0.001630s ]
INFO: [ app_begin ] --START--
INFO: Run Behavior\ReadHtmlCacheBehavior [ RunTime:0.001620s ]
INFO: [ app_begin ] --END-- [ RunTime:0.001793s ]
SQL: SHOW COLUMNS FROM `user` [ RunTime:0.0026s ]
SQL: SELECT * FROM `user` WHERE `mobile` = '1234' LIMIT 1   [ RunTime:0.0006s ]

[ 2018-07-10T01:03:54+08:00 ] 127.0.0.1 /signin
INFO: [ app_init ] --START--
INFO: Run Behavior\BuildLiteBehavior [ RunTime:0.000033s ]
INFO: [ app_init ] --END-- [ RunTime:0.001280s ]
INFO: [ app_begin ] --START--
INFO: Run Behavior\ReadHtmlCacheBehavior [ RunTime:0.002199s ]
INFO: [ app_begin ] --END-- [ RunTime:0.002372s ]
SQL: SHOW COLUMNS FROM `user` [ RunTime:0.0022s ]
SQL: SELECT * FROM `user` WHERE `mobile` = '10086100861' LIMIT 1   [ RunTime:0.0005s ]

[ 2018-07-10T01:03:55+08:00 ] 127.0.0.1 /center
INFO: [ app_init ] --START--
INFO: Run Behavior\BuildLiteBehavior [ RunTime:0.000034s ]
INFO: [ app_init ] --END-- [ RunTime:0.001418s ]
INFO: [ app_begin ] --START--
INFO: Run Behavior\ReadHtmlCacheBehavior [ RunTime:0.002014s ]
INFO: [ app_begin ] --END-- [ RunTime:0.002333s ]
INFO: [ view_parse ] --START--
INFO: [ template_filter ] --START--
INFO: Run Behavior\ContentReplaceBehavior [ RunTime:0.000118s ]
INFO: [ template_filter ] --END-- [ RunTime:0.000272s ]
INFO: Run Behavior\ParseTemplateBehavior [ RunTime:0.024273s ]
INFO: [ view_parse ] --END-- [ RunTime:0.024482s ]
INFO: [ view_filter ] --START--
INFO: Run Behavior\WriteHtmlCacheBehavior [ RunTime:0.002460s ]
INFO: [ view_filter ] --END-- [ RunTime:0.002699s ]
INFO: [ app_end ] --START--
INFO: Run Behavior\ShowPageTraceBehavior [ RunTime:0.001802s ]
INFO: [ app_end ] --END-- [ RunTime:0.002001s ]

[ 2018-07-10T01:04:30+08:00 ] 127.0.0.1 /index.php/Member/index.html
INFO: [ app_init ] --START--
INFO: Run Behavior\BuildLiteBehavior [ RunTime:0.000059s ]
INFO: [ app_init ] --END-- [ RunTime:0.001799s ]
INFO: [ app_begin ] --START--
INFO: Run Behavior\ReadHtmlCacheBehavior [ RunTime:0.001268s ]
INFO: [ app_begin ] --END-- [ RunTime:0.001503s ]
ERR: 模板不存在:../Application/Home/View/Member/index.html

